<?xml version="1.0" encoding="UTF-8"?>
<!-- Generated by org.testng.reporters.JUnitReportReporter -->
<testsuite hostname="DESKTOP-53MLP91" failures="0" tests="4" name="ClassSecondEx3" time="0.027" errors="0" timestamp="2023-10-20T23:30:57 IST" skipped="0">
  <testcase classname="ClassSecondEx3" name="b" time="0.017"/>
  <testcase classname="ClassSecondEx3" name="c" time="0.010"/>
  <testcase classname="ClassSecondEx3" name="a" time="0.000"/>
  <testcase classname="ClassSecondEx3" name="d" time="0.000"/>
</testsuite> <!-- ClassSecondEx3 -->
