<?xml version="1.0" encoding="UTF-8"?>
<!-- Generated by org.testng.reporters.JUnitReportReporter -->
<testsuite hostname="DESKTOP-53MLP91" failures="0" tests="4" name="ClassSecondEx2" time="0.021" errors="0" timestamp="2023-10-20T23:13:14 IST" skipped="0">
  <testcase classname="ClassSecondEx2" name="c" time="0.013"/>
  <testcase classname="ClassSecondEx2" name="a" time="0.003"/>
  <testcase classname="ClassSecondEx2" name="d" time="0.002"/>
  <testcase classname="ClassSecondEx2" name="b" time="0.003"/>
</testsuite> <!-- ClassSecondEx2 -->
