<?xml version="1.0" encoding="UTF-8"?>
<!-- Generated by org.testng.reporters.JUnitReportReporter -->
<testsuite hostname="DESKTOP-53MLP91" failures="0" tests="8" name="com.bjs.testing.GmailApplication" time="0.034" errors="0" timestamp="2023-10-25T12:00:15 IST" skipped="0">
  <testcase classname="com.bjs.testing.GmailApplication" name="inbox" time="0.004"/>
  <testcase classname="com.bjs.testing.GmailApplication" name="compose" time="0.005"/>
  <testcase classname="com.bjs.testing.GmailApplication" name="logout" time="0.001"/>
  <testcase classname="com.bjs.testing.GmailApplication" name="compose" time="0.001"/>
  <testcase classname="com.bjs.testing.GmailApplication" name="compose" time="0.004"/>
  <testcase classname="com.bjs.testing.GmailApplication" name="compose" time="0.005"/>
  <testcase classname="com.bjs.testing.GmailApplication" name="compose" time="0.012"/>
  <testcase classname="com.bjs.testing.GmailApplication" name="login" time="0.002"/>
</testsuite> <!-- com.bjs.testing.GmailApplication -->
