<?xml version="1.0" encoding="UTF-8"?>
<!-- Generated by org.testng.reporters.JUnitReportReporter -->
<testsuite hostname="DESKTOP-53MLP91" failures="0" tests="2" name="com.bjs.testing.CrossBrowserTesting" time="33.952" errors="0" timestamp="2023-10-25T14:59:38 IST" skipped="0">
  <testcase classname="com.bjs.testing.CrossBrowserTesting" name="testMethod" time="11.422"/>
  <testcase classname="com.bjs.testing.CrossBrowserTesting" name="testMethod" time="22.530"/>
</testsuite> <!-- com.bjs.testing.CrossBrowserTesting -->
