<?xml version="1.0" encoding="UTF-8"?>
<!-- Generated by org.testng.reporters.JUnitReportReporter -->
<testsuite hostname="DESKTOP-53MLP91" failures="0" tests="2" name="DemoTestNG" time="0.026" errors="0" timestamp="2023-10-20T21:12:23 IST" skipped="0">
  <testcase classname="DemoTestNG" name="firstMethod" time="0.016"/>
  <testcase classname="DemoTestNG" name="secondMethod" time="0.010"/>
</testsuite> <!-- DemoTestNG -->
