<?xml version="1.0" encoding="UTF-8"?>
<!-- Generated by org.testng.reporters.JUnitReportReporter -->
<testsuite hostname="DESKTOP-53MLP91" failures="0" tests="1" name="com.bjs.testing.ParametrizationDemo" time="19.058" errors="0" timestamp="2023-10-25T12:26:50 IST" skipped="0">
  <testcase classname="com.bjs.testing.ParametrizationDemo" name="testMethod" time="19.058"/>
</testsuite> <!-- com.bjs.testing.ParametrizationDemo -->
