<?xml version="1.0" encoding="UTF-8"?>
<!-- Generated by org.testng.reporters.JUnitReportReporter -->
<testsuite hostname="DESKTOP-53MLP91" failures="0" tests="4" name="ClassSecondEx1" time="0.025" errors="0" timestamp="2023-10-20T23:00:18 IST" skipped="0">
  <testcase classname="ClassSecondEx1" name="a" time="0.015"/>
  <testcase classname="ClassSecondEx1" name="b" time="0.005"/>
  <testcase classname="ClassSecondEx1" name="d" time="0.002"/>
  <testcase classname="ClassSecondEx1" name="c" time="0.003"/>
</testsuite> <!-- ClassSecondEx1 -->
