<?xml version="1.0" encoding="UTF-8"?>
<!-- Generated by org.testng.reporters.JUnitReportReporter -->
<testsuite hostname="DESKTOP-53MLP91" failures="0" tests="5" name="com.bjs.testing.ClassSecondEx4" time="0.021" errors="0" timestamp="2023-10-25T14:42:39 IST" skipped="0">
  <testcase classname="com.bjs.testing.ClassSecondEx4" name="e" time="0.003"/>
  <testcase classname="com.bjs.testing.ClassSecondEx4" name="c" time="0.001"/>
  <testcase classname="com.bjs.testing.ClassSecondEx4" name="d" time="0.003"/>
  <testcase classname="com.bjs.testing.ClassSecondEx4" name="b" time="0.002"/>
  <testcase classname="com.bjs.testing.ClassSecondEx4" name="a" time="0.012"/>
</testsuite> <!-- com.bjs.testing.ClassSecondEx4 -->
